<?xml version="1.0" encoding="UTF-8"?>
<!-- Generated by org.testng.reporters.JUnitXMLReporter -->
<testsuite hostname="DESKTOP-59JL777" ignored="0" name="Registration" tests="7" failures="0" timestamp="27 Oct 2017 16:06:41 GMT" time="33.42" errors="0">
  <testcase name="TestLogin" time="8.422" classname="com.test.automation.UIAutomation.Homepage.TC003_VerifyLoginWithDifferentRecords"/>
  <testcase name="TestLogin" time="2.955" classname="com.test.automation.UIAutomation.Homepage.TC003_VerifyLoginWithDifferentRecords"/>
  <testcase name="TestLogin" time="3.233" classname="com.test.automation.UIAutomation.Homepage.TC003_VerifyLoginWithDifferentRecords"/>
  <testcase name="TestLogin" time="2.748" classname="com.test.automation.UIAutomation.Homepage.TC003_VerifyLoginWithDifferentRecords"/>
  <testcase name="TestLogin" time="2.88" classname="com.test.automation.UIAutomation.Homepage.TC003_VerifyLoginWithDifferentRecords"/>
  <testcase name="TestLogin" time="2.988" classname="com.test.automation.UIAutomation.Homepage.TC003_VerifyLoginWithDifferentRecords"/>
  <testcase name="TestLogin" time="3.012" classname="com.test.automation.UIAutomation.Homepage.TC003_VerifyLoginWithDifferentRecords"/>
</testsuite> <!-- Registration -->
